<?xml version="1.0" encoding="UTF-8"?>
<!-- Generated by org.testng.reporters.JUnitReportReporter -->
<testsuite hostname="DESKTOP-3OONJHS" failures="0" tests="5" name="magentoWebsiteTesting.MagentoWebsiteTesting" time="49.541" errors="0" timestamp="2024-08-12T22:58:35 AST" skipped="0">
  <testcase classname="magentoWebsiteTesting.MagentoWebsiteTesting" name="createAnAccountTest" time="6.152"/>
  <system-out/>
  <testcase classname="magentoWebsiteTesting.MagentoWebsiteTesting" name="singOutTest" time="1.313"/>
  <system-out/>
  <testcase classname="magentoWebsiteTesting.MagentoWebsiteTesting" name="signInTest" time="4.758"/>
  <system-out/>
  <testcase classname="magentoWebsiteTesting.MagentoWebsiteTesting" name="addMenItems" time="17.390"/>
  <system-out/>
  <testcase classname="magentoWebsiteTesting.MagentoWebsiteTesting" name="addWomenlItems" time="19.928"/>
  <system-out/>
</testsuite> <!-- magentoWebsiteTesting.MagentoWebsiteTesting -->
