<?xml version="1.0" encoding="UTF-8"?>
<!-- Generated by org.testng.reporters.JUnitReportReporter -->
<testsuite hostname="DESKTOP-3OONJHS" failures="0" tests="5" name="magentoWebsiteTesting.MagentoWebsiteTesting" time="35.941" errors="0" timestamp="2024-08-12T23:01:18 AST" skipped="0">
  <testcase classname="magentoWebsiteTesting.MagentoWebsiteTesting" name="createAnAccountTest" time="6.514"/>
  <system-out/>
  <testcase classname="magentoWebsiteTesting.MagentoWebsiteTesting" name="singOutTest" time="1.513"/>
  <system-out/>
  <testcase classname="magentoWebsiteTesting.MagentoWebsiteTesting" name="signInTest" time="4.822"/>
  <system-out/>
  <testcase classname="magentoWebsiteTesting.MagentoWebsiteTesting" name="addMenItems" time="11.978"/>
  <system-out/>
  <testcase classname="magentoWebsiteTesting.MagentoWebsiteTesting" name="addWomenlItems" time="11.114"/>
  <system-out/>
</testsuite> <!-- magentoWebsiteTesting.MagentoWebsiteTesting -->
